<?xml version="1.0" encoding="UTF-8"?>
<TestRun id="1b69e8a2-4fe4-46c0-aff6-f14a0a08a95b" name="Dasmowenator@DASMO-MSI 2012-03-30 17:20:29" runUser="Dasmo-MSI\Dasmowenator" xmlns="http://microsoft.com/schemas/VisualStudio/TeamTest/2010">
  <TestSettings name="Default Test Settings" id="02e36c21-99b9-4a81-bbbd-06e1d327a9a2">
    <Deployment runDeploymentRoot="Dasmowenator_DASMO-MSI 2012-03-30 17_20_29">
      <DeploymentItem filename="C:\Users\Dasmowenator\Documents\College Work\WebEngineering\FreshFace\FreshFace\FreshFace\bin\FreshFace.dll" />
    </Deployment>
    <Execution>
      <TestTypeSpecific />
      <AgentRule name="Execution Agents">
      </AgentRule>
    </Execution>
  </TestSettings>
  <Times creation="2012-03-30T17:20:29.4571314-04:00" queuing="2012-03-30T17:20:34.2044030-04:00" start="2012-03-30T17:20:34.3404108-04:00" finish="2012-03-30T17:20:46.5361083-04:00" />
  <ResultSummary outcome="Failed">
    <Counters total="2" executed="2" passed="1" error="0" failed="1" timeout="0" aborted="0" inconclusive="0" passedButRunAborted="0" notRunnable="0" notExecuted="0" disconnected="0" warning="0" completed="0" inProgress="0" pending="0" />
  </ResultSummary>
  <TestDefinitions>
    <UnitTest name="About" storage="c:\users\dasmowenator\documents\college work\webengineering\freshface\freshface\freshface.tests\bin\debug\freshface.tests.dll" id="6ec78336-70b9-06aa-53cd-196f99ddd8c9">
      <Execution id="e6ac23db-9794-4b2c-9df6-dba6c4d8a260" />
      <TestMethod codeBase="C:/Users/Dasmowenator/Documents/College Work/WebEngineering/FreshFace/FreshFace/FreshFace.Tests/bin/Debug/FreshFace.Tests.DLL" adapterTypeName="Microsoft.VisualStudio.TestTools.TestTypes.Unit.UnitTestAdapter, Microsoft.VisualStudio.QualityTools.Tips.UnitTest.Adapter, Version=10.0.0.0, Culture=neutral, PublicKeyToken=b03f5f7f11d50a3a" className="FreshFace.Tests.Controllers.HomeControllerTest, FreshFace.Tests, Version=1.0.0.0, Culture=neutral, PublicKeyToken=null" name="About" />
    </UnitTest>
    <UnitTest name="Index" storage="c:\users\dasmowenator\documents\college work\webengineering\freshface\freshface\freshface.tests\bin\debug\freshface.tests.dll" id="8c2449ba-f6a6-68ed-27cd-c4e448780ce3">
      <Execution id="e06dd6dd-eb4d-4015-8d70-4a1115aee059" />
      <TestMethod codeBase="C:/Users/Dasmowenator/Documents/College Work/WebEngineering/FreshFace/FreshFace/FreshFace.Tests/bin/Debug/FreshFace.Tests.DLL" adapterTypeName="Microsoft.VisualStudio.TestTools.TestTypes.Unit.UnitTestAdapter, Microsoft.VisualStudio.QualityTools.Tips.UnitTest.Adapter, Version=10.0.0.0, Culture=neutral, PublicKeyToken=b03f5f7f11d50a3a" className="FreshFace.Tests.Controllers.HomeControllerTest, FreshFace.Tests, Version=1.0.0.0, Culture=neutral, PublicKeyToken=null" name="Index" />
    </UnitTest>
  </TestDefinitions>
  <TestLists>
    <TestList name="Results Not in a List" id="8c84fa94-04c1-424b-9868-57a2d4851a1d" />
    <TestList name="All Loaded Results" id="19431567-8539-422a-85d7-44ee4e166bda" />
  </TestLists>
  <TestEntries>
    <TestEntry testId="8c2449ba-f6a6-68ed-27cd-c4e448780ce3" executionId="e06dd6dd-eb4d-4015-8d70-4a1115aee059" testListId="8c84fa94-04c1-424b-9868-57a2d4851a1d" />
    <TestEntry testId="6ec78336-70b9-06aa-53cd-196f99ddd8c9" executionId="e6ac23db-9794-4b2c-9df6-dba6c4d8a260" testListId="8c84fa94-04c1-424b-9868-57a2d4851a1d" />
  </TestEntries>
  <Results>
    <UnitTestResult executionId="e06dd6dd-eb4d-4015-8d70-4a1115aee059" testId="8c2449ba-f6a6-68ed-27cd-c4e448780ce3" testName="Index" computerName="DASMO-MSI" duration="00:00:10.3557802" startTime="2012-03-30T17:20:34.4834189-04:00" endTime="2012-03-30T17:20:46.4301022-04:00" testType="13cdc9d9-ddb5-4fa4-a97d-d965ccfc6d4b" outcome="Failed" testListId="8c84fa94-04c1-424b-9868-57a2d4851a1d" relativeResultsDirectory="e06dd6dd-eb4d-4015-8d70-4a1115aee059">
      <Output>
        <ErrorInfo>
          <Message>Test method FreshFace.Tests.Controllers.HomeControllerTest.Index threw exception: 
System.NullReferenceException: Object reference not set to an instance of an object.</Message>
          <StackTrace>    at FreshFace.Controllers.HomeController.Index() in C:\Users\Dasmowenator\Documents\College Work\WebEngineering\FreshFace\FreshFace\FreshFace\Controllers\HomeController.cs:line 13
   at FreshFace.Tests.Controllers.HomeControllerTest.Index() in C:\Users\Dasmowenator\Documents\College Work\WebEngineering\FreshFace\FreshFace\FreshFace.Tests\Controllers\HomeControllerTest.cs:line 22
</StackTrace>
        </ErrorInfo>
      </Output>
    </UnitTestResult>
    <UnitTestResult executionId="e6ac23db-9794-4b2c-9df6-dba6c4d8a260" testId="6ec78336-70b9-06aa-53cd-196f99ddd8c9" testName="About" computerName="DASMO-MSI" duration="00:00:00.0040538" startTime="2012-03-30T17:20:46.4491033-04:00" endTime="2012-03-30T17:20:46.4581038-04:00" testType="13cdc9d9-ddb5-4fa4-a97d-d965ccfc6d4b" outcome="Passed" testListId="8c84fa94-04c1-424b-9868-57a2d4851a1d" relativeResultsDirectory="e6ac23db-9794-4b2c-9df6-dba6c4d8a260">
    </UnitTestResult>
  </Results>
</TestRun>